greenLeaf 0.1
mips emulator by The Lemon Man
Debug mode enabled
Section table at 0xb0
8 sections in this elf
String table at 0x5
.shstrtab offset 0x78 size 53
EXEC
Mapping the ram...
Initializing the CPU core...
LUI r2, -4040
ORI r2, r2, 60
ADDIU r3, zr, 0
ADDIU r10, zr, c8
ADDIU r3, r3, 1
SW r3, 0
BEQ r3, r10, 2
BEQ zr, zr, -4
ADDIU r10, zr, c8
ADDIU r3, r3, 1
SW r3, 0
BEQ r3, r10, 2
BEQ zr, zr, -4
ADDIU r10, zr, c8
ADDIU r3, r3, 1
SW r3, 0
BEQ r3, r10, 2
BEQ zr, zr, -4
ADDIU r10, zr, c8
ADDIU r3, r3, 1
SW r3, 0
BEQ r3, r10, 2
BEQ zr, zr, -4
ADDIU r10, zr, c8
ADDIU r3, r3, 1
SW r3, 0
BEQ r3, r10, 2
BEQ zr, zr, -4
ADDIU r10, zr, c8
ADDIU r3, r3, 1
SW r3, 0
BEQ r3, r10, 2
BEQ zr, zr, -4
ADDIU r10, zr, c8
ADDIU r3, r3, 1
SW r3, 0
BEQ r3, r10, 2
BEQ zr, zr, -4
ADDIU r10, zr, c8
ADDIU r3, r3, 1
SW r3, 0
BEQ r3, r10, 2
BEQ zr, zr, -4
ADDIU r10, zr, c8
ADDIU r3, r3, 1
SW r3, 0
BEQ r3, r10, 2
BEQ zr, zr, -4
ADDIU r10, zr, c8
ADDIU r3, r3, 1
SW r3, 0
BEQ r3, r10, 2
BEQ zr, zr, -4
ADDIU r10, zr, c8
ADDIU r3, r3, 1
SW r3, 0
BEQ r3, r10, 2
BEQ zr, zr, -4
ADDIU r10, zr, c8
ADDIU r3, r3, 1
SW r3, 0
BEQ r3, r10, 2
BEQ zr, zr, -4
ADDIU r10, zr, c8
ADDIU r3, r3, 1
SW r3, 0
BEQ r3, r10, 2
BEQ zr, zr, -4
ADDIU r10, zr, c8
ADDIU r3, r3, 1
SW r3, 0
BEQ r3, r10, 2
BEQ zr, zr, -4
ADDIU r10, zr, c8
ADDIU r3, r3, 1
SW r3, 0
BEQ r3, r10, 2
BEQ zr, zr, -4
ADDIU r10, zr, c8
ADDIU r3, r3, 1
SW r3, 0
BEQ r3, r10, 2
BEQ zr, zr, -4
ADDIU r10, zr, c8
ADDIU r3, r3, 1
SW r3, 0
BEQ r3, r10, 2
BEQ zr, zr, -4
ADDIU r10, zr, c8
ADDIU r3, r3, 1
SW r3, 0
BEQ r3, r10, 2
BEQ zr, zr, -4
ADDIU r10, zr, c8
ADDIU r3, r3, 1
SW r3, 0
BEQ r3, r10, 2
BEQ zr, zr, -4
ADDIU r10, zr, c8
ADDIU r3, r3, 1
SW r3, 0
BEQ r3, r10, 2
BEQ zr, zr, -4
ADDIU r10, zr, c8
ADDIU r3, r3, 1
SW r3, 0
BEQ r3, r10, 2
BEQ zr, zr, -4
ADDIU r10, zr, c8
ADDIU r3, r3, 1
SW r3, 0
BEQ r3, r10, 2
BEQ zr, zr, -4
ADDIU r10, zr, c8
ADDIU r3, r3, 1
SW r3, 0
BEQ r3, r10, 2
BEQ zr, zr, -4
ADDIU r10, zr, c8
ADDIU r3, r3, 1
SW r3, 0
BEQ r3, r10, 2
BEQ zr, zr, -4
ADDIU r10, zr, c8
ADDIU r3, r3, 1
SW r3, 0
BEQ r3, r10, 2
BEQ zr, zr, -4
ADDIU r10, zr, c8
ADDIU r3, r3, 1
SW r3, 0
BEQ r3, r10, 2
BEQ zr, zr, -4
ADDIU r10, zr, c8
ADDIU r3, r3, 1
SW r3, 0
BEQ r3, r10, 2
BEQ zr, zr, -4
ADDIU r10, zr, c8
ADDIU r3, r3, 1
SW r3, 0
BEQ r3, r10, 2
BEQ zr, zr, -4
ADDIU r10, zr, c8
ADDIU r3, r3, 1
SW r3, 0
BEQ r3, r10, 2
BEQ zr, zr, -4
ADDIU r10, zr, c8
ADDIU r3, r3, 1
SW r3, 0
BEQ r3, r10, 2
BEQ zr, zr, -4
ADDIU r10, zr, c8
ADDIU r3, r3, 1
SW r3, 0
BEQ r3, r10, 2
BEQ zr, zr, -4
ADDIU r10, zr, c8
ADDIU r3, r3, 1
SW r3, 0
BEQ r3, r10, 2
BEQ zr, zr, -4
ADDIU r10, zr, c8
ADDIU r3, r3, 1
SW r3, 0
BEQ r3, r10, 2
BEQ zr, zr, -4
ADDIU r10, zr, c8
ADDIU r3, r3, 1
SW r3, 0
BEQ r3, r10, 2
BEQ zr, zr, -4
ADDIU r10, zr, c8
ADDIU r3, r3, 1
SW r3, 0
BEQ r3, r10, 2
BEQ zr, zr, -4
ADDIU r10, zr, c8
ADDIU r3, r3, 1
SW r3, 0
BEQ r3, r10, 2
BEQ zr, zr, -4
ADDIU r10, zr, c8
ADDIU r3, r3, 1
SW r3, 0
BEQ r3, r10, 2
BEQ zr, zr, -4
ADDIU r10, zr, c8
ADDIU r3, r3, 1
SW r3, 0
BEQ r3, r10, 2
BEQ zr, zr, -4
ADDIU r10, zr, c8
ADDIU r3, r3, 1
SW r3, 0
BEQ r3, r10, 2
BEQ zr, zr, -4
ADDIU r10, zr, c8
ADDIU r3, r3, 1
SW r3, 0
BEQ r3, r10, 2
BEQ zr, zr, -4
ADDIU r10, zr, c8
ADDIU r3, r3, 1
SW r3, 0
BEQ r3, r10, 2
BEQ zr, zr, -4
ADDIU r10, zr, c8
ADDIU r3, r3, 1
SW r3, 0
BEQ r3, r10, 2
BEQ zr, zr, -4
ADDIU r10, zr, c8
ADDIU r3, r3, 1
SW r3, 0
BEQ r3, r10, 2
BEQ zr, zr, -4
ADDIU r10, zr, c8
ADDIU r3, r3, 1
SW r3, 0
BEQ r3, r10, 2
BEQ zr, zr, -4
ADDIU r10, zr, c8
ADDIU r3, r3, 1
SW r3, 0
BEQ r3, r10, 2
BEQ zr, zr, -4
ADDIU r10, zr, c8
ADDIU r3, r3, 1
SW r3, 0
BEQ r3, r10, 2
BEQ zr, zr, -4
ADDIU r10, zr, c8
ADDIU r3, r3, 1
SW r3, 0
BEQ r3, r10, 2
BEQ zr, zr, -4
ADDIU r10, zr, c8
ADDIU r3, r3, 1
SW r3, 0
BEQ r3, r10, 2
BEQ zr, zr, -4
ADDIU r10, zr, c8
ADDIU r3, r3, 1
SW r3, 0
BEQ r3, r10, 2
BEQ zr, zr, -4
ADDIU r10, zr, c8
ADDIU r3, r3, 1
SW r3, 0
BEQ r3, r10, 2
BEQ zr, zr, -4
ADDIU r10, zr, c8
ADDIU r3, r3, 1
SW r3, 0
BEQ r3, r10, 2
BEQ zr, zr, -4
ADDIU r10, zr, c8
ADDIU r3, r3, 1
SW r3, 0
BEQ r3, r10, 2
BEQ zr, zr, -4
ADDIU r10, zr, c8
ADDIU r3, r3, 1
SW r3, 0
BEQ r3, r10, 2
BEQ zr, zr, -4
ADDIU r10, zr, c8
ADDIU r3, r3, 1
SW r3, 0
BEQ r3, r10, 2
BEQ zr, zr, -4
ADDIU r10, zr, c8
ADDIU r3, r3, 1
SW r3, 0
BEQ r3, r10, 2
BEQ zr, zr, -4
ADDIU r10, zr, c8
ADDIU r3, r3, 1
SW r3, 0
BEQ r3, r10, 2
BEQ zr, zr, -4
ADDIU r10, zr, c8
ADDIU r3, r3, 1
SW r3, 0
BEQ r3, r10, 2
BEQ zr, zr, -4
ADDIU r10, zr, c8
ADDIU r3, r3, 1
SW r3, 0
BEQ r3, r10, 2
BEQ zr, zr, -4
ADDIU r10, zr, c8
ADDIU r3, r3, 1
SW r3, 0
BEQ r3, r10, 2
BEQ zr, zr, -4
ADDIU r10, zr, c8
ADDIU r3, r3, 1
SW r3, 0
BEQ r3, r10, 2
BEQ zr, zr, -4
ADDIU r10, zr, c8
ADDIU r3, r3, 1
SW r3, 0
BEQ r3, r10, 2
BEQ zr, zr, -4
ADDIU r10, zr, c8
ADDIU r3, r3, 1
SW r3, 0
BEQ r3, r10, 2
BEQ zr, zr, -4
ADDIU r10, zr, c8
ADDIU r3, r3, 1
SW r3, 0
BEQ r3, r10, 2
BEQ zr, zr, -4
ADDIU r10, zr, c8
ADDIU r3, r3, 1
SW r3, 0
BEQ r3, r10, 2
BEQ zr, zr, -4
ADDIU r10, zr, c8
ADDIU r3, r3, 1
SW r3, 0
BEQ r3, r10, 2
BEQ zr, zr, -4
ADDIU r10, zr, c8
ADDIU r3, r3, 1
SW r3, 0
BEQ r3, r10, 2
BEQ zr, zr, -4
ADDIU r10, zr, c8
ADDIU r3, r3, 1
SW r3, 0
BEQ r3, r10, 2
BEQ zr, zr, -4
ADDIU r10, zr, c8
ADDIU r3, r3, 1
SW r3, 0
BEQ r3, r10, 2
BEQ zr, zr, -4
ADDIU r10, zr, c8
ADDIU r3, r3, 1
SW r3, 0
BEQ r3, r10, 2
BEQ zr, zr, -4
ADDIU r10, zr, c8
ADDIU r3, r3, 1
SW r3, 0
BEQ r3, r10, 2
BEQ zr, zr, -4
ADDIU r10, zr, c8
ADDIU r3, r3, 1
SW r3, 0
BEQ r3, r10, 2
BEQ zr, zr, -4
ADDIU r10, zr, c8
ADDIU r3, r3, 1
SW r3, 0
BEQ r3, r10, 2
BEQ zr, zr, -4
ADDIU r10, zr, c8
ADDIU r3, r3, 1
SW r3, 0
BEQ r3, r10, 2
BEQ zr, zr, -4
ADDIU r10, zr, c8
ADDIU r3, r3, 1
SW r3, 0
BEQ r3, r10, 2
BEQ zr, zr, -4
ADDIU r10, zr, c8
ADDIU r3, r3, 1
SW r3, 0
BEQ r3, r10, 2
BEQ zr, zr, -4
ADDIU r10, zr, c8
ADDIU r3, r3, 1
SW r3, 0
BEQ r3, r10, 2
BEQ zr, zr, -4
ADDIU r10, zr, c8
ADDIU r3, r3, 1
SW r3, 0
BEQ r3, r10, 2
BEQ zr, zr, -4
ADDIU r10, zr, c8
ADDIU r3, r3, 1
SW r3, 0
BEQ r3, r10, 2
BEQ zr, zr, -4
ADDIU r10, zr, c8
ADDIU r3, r3, 1
SW r3, 0
BEQ r3, r10, 2
BEQ zr, zr, -4
ADDIU r10, zr, c8
ADDIU r3, r3, 1
SW r3, 0
BEQ r3, r10, 2
BEQ zr, zr, -4
ADDIU r10, zr, c8
ADDIU r3, r3, 1
SW r3, 0
BEQ r3, r10, 2
BEQ zr, zr, -4
ADDIU r10, zr, c8
ADDIU r3, r3, 1
SW r3, 0
BEQ r3, r10, 2
BEQ zr, zr, -4
ADDIU r10, zr, c8
ADDIU r3, r3, 1
SW r3, 0
BEQ r3, r10, 2
BEQ zr, zr, -4
ADDIU r10, zr, c8
ADDIU r3, r3, 1
SW r3, 0
BEQ r3, r10, 2
BEQ zr, zr, -4
ADDIU r10, zr, c8
ADDIU r3, r3, 1
SW r3, 0
BEQ r3, r10, 2
BEQ zr, zr, -4
ADDIU r10, zr, c8
ADDIU r3, r3, 1
SW r3, 0
BEQ r3, r10, 2
BEQ zr, zr, -4
ADDIU r10, zr, c8
ADDIU r3, r3, 1
SW r3, 0
BEQ r3, r10, 2
BEQ zr, zr, -4
ADDIU r10, zr, c8
ADDIU r3, r3, 1
SW r3, 0
BEQ r3, r10, 2
BEQ zr, zr, -4
ADDIU r10, zr, c8
ADDIU r3, r3, 1
SW r3, 0
BEQ r3, r10, 2
BEQ zr, zr, -4
ADDIU r10, zr, c8
ADDIU r3, r3, 1
SW r3, 0
BEQ r3, r10, 2
BEQ zr, zr, -4
ADDIU r10, zr, c8
ADDIU r3, r3, 1
SW r3, 0
BEQ r3, r10, 2
BEQ zr, zr, -4
ADDIU r10, zr, c8
ADDIU r3, r3, 1
SW r3, 0
BEQ r3, r10, 2
BEQ zr, zr, -4
ADDIU r10, zr, c8
ADDIU r3, r3, 1
SW r3, 0
BEQ r3, r10, 2
BEQ zr, zr, -4
ADDIU r10, zr, c8
ADDIU r3, r3, 1
SW r3, 0
BEQ r3, r10, 2
BEQ zr, zr, -4
ADDIU r10, zr, c8
ADDIU r3, r3, 1
SW r3, 0
BEQ r3, r10, 2
BEQ zr, zr, -4
ADDIU r10, zr, c8
ADDIU r3, r3, 1
SW r3, 0
BEQ r3, r10, 2
BEQ zr, zr, -4
ADDIU r10, zr, c8
ADDIU r3, r3, 1
SW r3, 0
BEQ r3, r10, 2
BEQ zr, zr, -4
ADDIU r10, zr, c8
ADDIU r3, r3, 1
SW r3, 0
BEQ r3, r10, 2
BEQ zr, zr, -4
ADDIU r10, zr, c8
ADDIU r3, r3, 1
SW r3, 0
BEQ r3, r10, 2
BEQ zr, zr, -4
ADDIU r10, zr, c8
ADDIU r3, r3, 1
SW r3, 0
BEQ r3, r10, 2
BEQ zr, zr, -4
ADDIU r10, zr, c8
ADDIU r3, r3, 1
SW r3, 0
BEQ r3, r10, 2
BEQ zr, zr, -4
ADDIU r10, zr, c8
ADDIU r3, r3, 1
SW r3, 0
BEQ r3, r10, 2
BEQ zr, zr, -4
ADDIU r10, zr, c8
ADDIU r3, r3, 1
SW r3, 0
BEQ r3, r10, 2
BEQ zr, zr, -4
ADDIU r10, zr, c8
ADDIU r3, r3, 1
SW r3, 0
BEQ r3, r10, 2
BEQ zr, zr, -4
ADDIU r10, zr, c8
ADDIU r3, r3, 1
SW r3, 0
BEQ r3, r10, 2
BEQ zr, zr, -4
ADDIU r10, zr, c8
ADDIU r3, r3, 1
SW r3, 0
BEQ r3, r10, 2
BEQ zr, zr, -4
ADDIU r10, zr, c8
ADDIU r3, r3, 1
SW r3, 0
BEQ r3, r10, 2
BEQ zr, zr, -4
ADDIU r10, zr, c8
ADDIU r3, r3, 1
SW r3, 0
BEQ r3, r10, 2
BEQ zr, zr, -4
ADDIU r10, zr, c8
ADDIU r3, r3, 1
SW r3, 0
BEQ r3, r10, 2
BEQ zr, zr, -4
ADDIU r10, zr, c8
ADDIU r3, r3, 1
SW r3, 0
BEQ r3, r10, 2
BEQ zr, zr, -4
ADDIU r10, zr, c8
ADDIU r3, r3, 1
SW r3, 0
BEQ r3, r10, 2
BEQ zr, zr, -4
ADDIU r10, zr, c8
ADDIU r3, r3, 1
SW r3, 0
BEQ r3, r10, 2
BEQ zr, zr, -4
ADDIU r10, zr, c8
ADDIU r3, r3, 1
SW r3, 0
BEQ r3, r10, 2
BEQ zr, zr, -4
ADDIU r10, zr, c8
ADDIU r3, r3, 1
SW r3, 0
BEQ r3, r10, 2
BEQ zr, zr, -4
ADDIU r10, zr, c8
ADDIU r3, r3, 1
SW r3, 0
BEQ r3, r10, 2
BEQ zr, zr, -4
ADDIU r10, zr, c8
ADDIU r3, r3, 1
SW r3, 0
BEQ r3, r10, 2
BEQ zr, zr, -4
ADDIU r10, zr, c8
ADDIU r3, r3, 1
SW r3, 0
BEQ r3, r10, 2
BEQ zr, zr, -4
ADDIU r10, zr, c8
ADDIU r3, r3, 1
SW r3, 0
BEQ r3, r10, 2
BEQ zr, zr, -4
ADDIU r10, zr, c8
ADDIU r3, r3, 1
SW r3, 0
BEQ r3, r10, 2
BEQ zr, zr, -4
ADDIU r10, zr, c8
ADDIU r3, r3, 1
SW r3, 0
BEQ r3, r10, 2
BEQ zr, zr, -4
ADDIU r10, zr, c8
ADDIU r3, r3, 1
SW r3, 0
BEQ r3, r10, 2
BEQ zr, zr, -4
ADDIU r10, zr, c8
ADDIU r3, r3, 1
SW r3, 0
BEQ r3, r10, 2
BEQ zr, zr, -4
ADDIU r10, zr, c8
ADDIU r3, r3, 1
SW r3, 0
BEQ r3, r10, 2
BEQ zr, zr, -4
ADDIU r10, zr, c8
ADDIU r3, r3, 1
SW r3, 0
BEQ r3, r10, 2
BEQ zr, zr, -4
ADDIU r10, zr, c8
ADDIU r3, r3, 1
SW r3, 0
BEQ r3, r10, 2
BEQ zr, zr, -4
ADDIU r10, zr, c8
ADDIU r3, r3, 1
SW r3, 0
BEQ r3, r10, 2
BEQ zr, zr, -4
ADDIU r10, zr, c8
ADDIU r3, r3, 1
SW r3, 0
BEQ r3, r10, 2
BEQ zr, zr, -4
ADDIU r10, zr, c8
ADDIU r3, r3, 1
SW r3, 0
BEQ r3, r10, 2
BEQ zr, zr, -4
ADDIU r10, zr, c8
ADDIU r3, r3, 1
SW r3, 0
BEQ r3, r10, 2
BEQ zr, zr, -4
ADDIU r10, zr, c8
ADDIU r3, r3, 1
SW r3, 0
BEQ r3, r10, 2
BEQ zr, zr, -4
ADDIU r10, zr, c8
ADDIU r3, r3, 1
SW r3, 0
BEQ r3, r10, 2
BEQ zr, zr, -4
ADDIU r10, zr, c8
ADDIU r3, r3, 1
SW r3, 0
BEQ r3, r10, 2
BEQ zr, zr, -4
ADDIU r10, zr, c8
ADDIU r3, r3, 1
SW r3, 0
BEQ r3, r10, 2
BEQ zr, zr, -4
ADDIU r10, zr, c8
ADDIU r3, r3, 1
SW r3, 0
BEQ r3, r10, 2
BEQ zr, zr, -4
ADDIU r10, zr, c8
ADDIU r3, r3, 1
SW r3, 0
BEQ r3, r10, 2
BEQ zr, zr, -4
ADDIU r10, zr, c8
ADDIU r3, r3, 1
SW r3, 0
BEQ r3, r10, 2
BEQ zr, zr, -4
ADDIU r10, zr, c8
ADDIU r3, r3, 1
SW r3, 0
BEQ r3, r10, 2
BEQ zr, zr, -4
ADDIU r10, zr, c8
ADDIU r3, r3, 1
SW r3, 0
BEQ r3, r10, 2
BEQ zr, zr, -4
ADDIU r10, zr, c8
ADDIU r3, r3, 1
SW r3, 0
BEQ r3, r10, 2
BEQ zr, zr, -4
ADDIU r10, zr, c8
ADDIU r3, r3, 1
SW r3, 0
BEQ r3, r10, 2
BEQ zr, zr, -4
ADDIU r10, zr, c8
ADDIU r3, r3, 1
SW r3, 0
BEQ r3, r10, 2
BEQ zr, zr, -4
ADDIU r10, zr, c8
ADDIU r3, r3, 1
SW r3, 0
BEQ r3, r10, 2
BEQ zr, zr, -4
ADDIU r10, zr, c8
ADDIU r3, r3, 1
SW r3, 0
BEQ r3, r10, 2
BEQ zr, zr, -4
ADDIU r10, zr, c8
ADDIU r3, r3, 1
SW r3, 0
BEQ r3, r10, 2
BEQ zr, zr, -4
ADDIU r10, zr, c8
ADDIU r3, r3, 1
SW r3, 0
BEQ r3, r10, 2
BEQ zr, zr, -4
ADDIU r10, zr, c8
ADDIU r3, r3, 1
SW r3, 0
BEQ r3, r10, 2
BEQ zr, zr, -4
ADDIU r10, zr, c8
ADDIU r3, r3, 1
SW r3, 0
BEQ r3, r10, 2
BEQ zr, zr, -4
ADDIU r10, zr, c8
ADDIU r3, r3, 1
SW r3, 0
BEQ r3, r10, 2
BEQ zr, zr, -4
ADDIU r10, zr, c8
ADDIU r3, r3, 1
SW r3, 0
BEQ r3, r10, 2
BEQ zr, zr, -4
ADDIU r10, zr, c8
ADDIU r3, r3, 1
SW r3, 0
BEQ r3, r10, 2
BEQ zr, zr, -4
ADDIU r10, zr, c8
ADDIU r3, r3, 1
SW r3, 0
BEQ r3, r10, 2
BEQ zr, zr, -4
ADDIU r10, zr, c8
ADDIU r3, r3, 1
SW r3, 0
BEQ r3, r10, 2
BEQ zr, zr, -4
ADDIU r10, zr, c8
ADDIU r3, r3, 1
SW r3, 0
BEQ r3, r10, 2
BEQ zr, zr, -4
ADDIU r10, zr, c8
ADDIU r3, r3, 1
SW r3, 0
BEQ r3, r10, 2
BEQ zr, zr, -4
ADDIU r10, zr, c8
ADDIU r3, r3, 1
SW r3, 0
BEQ r3, r10, 2
BEQ zr, zr, -4
ADDIU r10, zr, c8
ADDIU r3, r3, 1
SW r3, 0
BEQ r3, r10, 2
BEQ zr, zr, -4
ADDIU r10, zr, c8
ADDIU r3, r3, 1
SW r3, 0
BEQ r3, r10, 2
BEQ zr, zr, -4
ADDIU r10, zr, c8
ADDIU r3, r3, 1
SW r3, 0
BEQ r3, r10, 2
BEQ zr, zr, -4
ADDIU r10, zr, c8
ADDIU r3, r3, 1
SW r3, 0
BEQ r3, r10, 2
BEQ zr, zr, -4
ADDIU r10, zr, c8
ADDIU r3, r3, 1
SW r3, 0
BEQ r3, r10, 2
BEQ zr, zr, -4
ADDIU r10, zr, c8
ADDIU r3, r3, 1
SW r3, 0
BEQ r3, r10, 2
BEQ zr, zr, -4
ADDIU r10, zr, c8
ADDIU r3, r3, 1
SW r3, 0
BEQ r3, r10, 2
BEQ zr, zr, -4
ADDIU r10, zr, c8
ADDIU r3, r3, 1
SW r3, 0
BEQ r3, r10, 2
BEQ zr, zr, -4
ADDIU r10, zr, c8
ADDIU r3, r3, 1
SW r3, 0
BEQ r3, r10, 2
BEQ zr, zr, -4
ADDIU r10, zr, c8
ADDIU r3, r3, 1
SW r3, 0
BEQ r3, r10, 2
BEQ zr, zr, -4
ADDIU r10, zr, c8
ADDIU r3, r3, 1
SW r3, 0
BEQ r3, r10, 2
BEQ zr, zr, -4
ADDIU r10, zr, c8
ADDIU r3, r3, 1
SW r3, 0
BEQ r3, r10, 2
BEQ zr, zr, -4
ADDIU r10, zr, c8
ADDIU r3, r3, 1
SW r3, 0
BEQ r3, r10, 2
BEQ zr, zr, -4
ADDIU r10, zr, c8
ADDIU r3, r3, 1
SW r3, 0
BEQ r3, r10, 2
BEQ zr, zr, -4
ADDIU r10, zr, c8
ADDIU r3, r3, 1
SW r3, 0
BEQ r3, r10, 2
BEQ zr, zr, -4
ADDIU r10, zr, c8
ADDIU r3, r3, 1
SW r3, 0
BEQ r3, r10, 2
BEQ zr, zr, -4
ADDIU r10, zr, c8
ADDIU r3, r3, 1
SW r3, 0
BEQ r3, r10, 2
BEQ zr, zr, -4
ADDIU r10, zr, c8
ADDIU r3, r3, 1
SW r3, 0
BEQ r3, r10, 2
BEQ zr, zr, -4
ADDIU r10, zr, c8
ADDIU r3, r3, 1
SW r3, 0
BEQ r3, r10, 2
BEQ zr, zr, -4
ADDIU r10, zr, c8
ADDIU r3, r3, 1
SW r3, 0
BEQ r3, r10, 2
BEQ zr, zr, -4
ADDIU r10, zr, c8
ADDIU r3, r3, 1
SW r3, 0
BEQ r3, r10, 2
BEQ zr, zr, -4
ADDIU r10, zr, c8
ADDIU r3, r3, 1
SW r3, 0
BEQ r3, r10, 2
BEQ zr, zr, -4
ADDIU r10, zr, c8
ADDIU r3, r3, 1
SW r3, 0
BEQ r3, r10, 2
BEQ zr, zr, -4
ADDIU r10, zr, c8
ADDIU r3, r3, 1
SW r3, 0
BEQ r3, r10, 2
BEQ zr, zr, -4
ADDIU r10, zr, c8
ADDIU r3, r3, 1
SW r3, 0
BEQ r3, r10, 2
BEQ zr, zr, -4
ADDIU r10, zr, c8
ADDIU r3, r3, 1
SW r3, 0
BEQ r3, r10, 2
BEQ zr, zr, -4
ADDIU r10, zr, c8
ADDIU r3, r3, 1
SW r3, 0
BEQ r3, r10, 2
BEQ zr, zr, -4
ADDIU r10, zr, c8
ADDIU r3, r3, 1
SW r3, 0
BEQ r3, r10, 2
BEQ zr, zr, -4
ADDIU r10, zr, c8
ADDIU r3, r3, 1
SW r3, 0
BEQ r3, r10, 2
BEQ zr, zr, -4
ADDIU r10, zr, c8
ADDIU r3, r3, 1
SW r3, 0
BEQ r3, r10, 2
BEQ zr, zr, -4
ADDIU r10, zr, c8
ADDIU r3, r3, 1
SW r3, 0
BEQ r3, r10, 2
BEQ zr, zr, -4
ADDIU r10, zr, c8
ADDIU r3, r3, 1
SW r3, 0
BEQ r3, r10, 2
BEQ zr, zr, -4
ADDIU r10, zr, c8
ADDIU r3, r3, 1
SW r3, 0
BEQ r3, r10, 2
BEQ zr, zr, -4
ADDIU r10, zr, c8
ADDIU r3, r3, 1
SW r3, 0
BEQ r3, r10, 2
BEQ zr, zr, -4
ADDIU r10, zr, c8
ADDIU r3, r3, 1
SW r3, 0
BEQ r3, r10, 2
BEQ zr, zr, -4
ADDIU r10, zr, c8
ADDIU r3, r3, 1
SW r3, 0
BEQ r3, r10, 2
BEQ zr, zr, -4
ADDIU r10, zr, c8
ADDIU r3, r3, 1
SW r3, 0
BEQ r3, r10, 2
BEQ zr, zr, -4
ADDIU r10, zr, c8
ADDIU r3, r3, 1
SW r3, 0
BEQ r3, r10, 2
BEQ zr, zr, -4
ADDIU r10, zr, c8
ADDIU r3, r3, 1
SW r3, 0
BEQ r3, r10, 2
BEQ zr, zr, -4
ADDIU r10, zr, c8
ADDIU r3, r3, 1
SW r3, 0
BEQ r3, r10, 2
BEQ zr, zr, -4
ADDIU r10, zr, c8
ADDIU r3, r3, 1
SW r3, 0
BEQ r3, r10, 2
BEQ zr, zr, -4
ADDIU r10, zr, c8
ADDIU r3, r3, 1
SW r3, 0
BEQ r3, r10, 2
BEQ zr, zr, -4
ADDIU r10, zr, c8
ADDIU r3, r3, 1
SW r3, 0
BEQ r3, r10, 2
BEQ zr, zr, -4
ADDIU r10, zr, c8
ADDIU r3, r3, 1
SW r3, 0
BEQ r3, r10, 2
BEQ zr, zr, -4
ADDIU r10, zr, c8
ADDIU r3, r3, 1
SW r3, 0
BEQ r3, r10, 2
SLL zr, zr,  
SLL zr, zr,  
SLL r30, zr, 
zr : 0
r1 : 0
r2 : 0xbfc00060
r3 : 0xc8
r4 : 0
r5 : 0
r6 : 0
r7 : 0
r8 : 0
r9 : 0
r10 : 0xc8
r11 : 0
r12 : 0
r13 : 0
r14 : 0
r15 : 0
r16 : 0
r17 : 0
r18 : 0
r19 : 0
r20 : 0
r21 : 0
r22 : 0
r23 : 0
r24 : 0
r25 : 0
r26 : 0
r27 : 0
r28 : 0
r29 : 0
r30 : 0
lr : 0
HI : 0
LO : 0
Execution finished...unmapping the ram
